<?xml version="1.0" encoding="UTF-8"?>
<!-- Generated by org.testng.reporters.JUnitReportReporter -->
<testsuite skipped="0" hostname="Naveens-MacBook-Air.local" name="com.crm.qa.testcases.LoginPageTest" tests="3" failures="0" timestamp="28 Sep 2017 20:05:07 GMT" time="22.528" errors="0">
  <testcase name="loginPageTitleTest" time="4.728" classname="com.crm.qa.testcases.LoginPageTest"/>
  <testcase name="crmLogoImageTest" time="4.795" classname="com.crm.qa.testcases.LoginPageTest"/>
  <testcase name="loginTest" time="13.005" classname="com.crm.qa.testcases.LoginPageTest"/>
</testsuite> <!-- com.crm.qa.testcases.LoginPageTest -->
