<?xml version="1.0" encoding="UTF-8"?>
<!-- Generated by org.testng.reporters.JUnitReportReporter -->
<testsuite skipped="0" hostname="Naveens-MacBook-Air.local" name="com.crm.qa.testcases.LoginPageTest" tests="3" failures="0" timestamp="24 Sep 2017 18:48:52 GMT" time="24.748" errors="0">
  <testcase name="loginPageTitleTest" time="7.916" classname="com.crm.qa.testcases.LoginPageTest"/>
  <testcase name="crmLogoImageTest" time="4.612" classname="com.crm.qa.testcases.LoginPageTest"/>
  <testcase name="loginTest" time="12.220" classname="com.crm.qa.testcases.LoginPageTest"/>
</testsuite> <!-- com.crm.qa.testcases.LoginPageTest -->
