<?xml version="1.0" encoding="UTF-8"?>
<!-- Generated by org.testng.reporters.JUnitReportReporter -->
<testsuite skipped="0" hostname="Naveens-MacBook-Air.local" name="com.crm.qa.testcases.LoginPageTest" tests="1" failures="0" timestamp="05 Oct 2017 17:38:44 GMT" time="19.251" errors="0">
  <testcase name="loginTest" time="19.251" classname="com.crm.qa.testcases.LoginPageTest"/>
</testsuite> <!-- com.crm.qa.testcases.LoginPageTest -->
